[2019-09-11 14:05:40,262] {getbyidupdateproducts.py:111} INFO - succesfully fetched product master data based on profit center id
[2019-09-11 14:29:26,399] {getbyidupdateproducts.py:111} INFO - succesfully fetched product master data based on profit center id
[2019-09-11 14:31:57,016] {getbyidupdateproducts.py:111} INFO - succesfully fetched product master data based on profit center id
[2019-09-11 14:33:32,739] {getbyidupdateproducts.py:111} INFO - succesfully fetched product master data based on profit center id
[2019-09-11 14:35:46,790] {getbyidupdateproducts.py:111} INFO - succesfully fetched product master data based on profit center id
[2019-09-11 14:35:49,064] {getbyidupdateproducts.py:114} INFO - No data is found on this id
[2019-09-11 14:36:02,741] {getbyidupdateproducts.py:111} INFO - succesfully fetched product master data based on profit center id
[2019-09-11 14:37:43,500] {getbyidupdateproducts.py:111} INFO - succesfully fetched product master data based on profit center id
[2019-09-11 14:51:09,234] {getbyidupdateproducts.py:111} INFO - succesfully fetched product master data based on profit center id
[2019-09-11 15:02:06,268] {getbyidupdateproducts.py:114} INFO - No data is found on this product master id
[2019-09-11 15:02:30,813] {getbyidupdateproducts.py:111} INFO - succesfully fetched product master data based on profit center id
[2019-09-11 15:05:02,960] {getbyidupdateproducts.py:111} INFO - succesfully fetched product master data based on profit center id
[2019-09-11 15:08:00,918] {getbyidupdateproducts.py:111} INFO - succesfully fetched product master data based on profit center id
[2019-09-11 15:08:43,729] {getbyidupdateproducts.py:111} INFO - succesfully fetched product master data based on profit center id
[2019-09-11 15:12:41,477] {getbyidupdateproducts.py:111} INFO - succesfully fetched product master data based on profit center id
[2019-09-11 15:13:17,094] {getbyidupdateproducts.py:111} INFO - succesfully fetched product master data based on profit center id
[2019-09-11 15:21:01,089] {getbyidupdateproducts.py:114} INFO - No data is found on this product master id
[2019-09-11 15:41:14,464] {getbyidupdateproducts.py:111} INFO - succesfully fetched product master data based on profit center id
[2019-09-11 15:47:13,898] {getbyidupdateproducts.py:111} INFO - succesfully fetched product master data based on profit center id
[2019-09-11 15:48:44,523] {getbyidupdateproducts.py:111} INFO - succesfully fetched product master data based on profit center id
[2019-09-11 15:50:29,535] {getbyidupdateproducts.py:111} INFO - succesfully fetched product master data based on profit center id
[2019-09-11 16:00:21,937] {getbyidupdateproducts.py:111} INFO - succesfully fetched product master data based on profit center id
[2019-09-11 16:03:23,154] {getbyidupdateproducts.py:111} INFO - succesfully fetched product master data based on profit center id
[2019-09-11 16:07:11,876] {getbyidupdateproducts.py:111} INFO - succesfully fetched product master data based on profit center id
[2019-09-11 16:21:58,819] {getbyidupdateproducts.py:111} INFO - succesfully fetched product master data based on profit center id
[2019-09-11 16:48:06,944] {getbyidupdateproducts.py:111} INFO - succesfully fetched product master data based on profit center id
[2019-09-11 16:49:51,846] {getbyidupdateproducts.py:111} INFO - succesfully fetched product master data based on profit center id
[2019-09-11 16:51:10,397] {getbyidupdateproducts.py:111} INFO - succesfully fetched product master data based on profit center id
[2019-09-11 16:52:32,856] {getbyidupdateproducts.py:111} INFO - succesfully fetched product master data based on profit center id
[2019-09-11 17:00:57,856] {getbyidupdateproducts.py:111} INFO - succesfully fetched product master data based on profit center id
[2019-09-11 17:05:02,537] {getbyidupdateproducts.py:111} INFO - succesfully fetched product master data based on profit center id
[2019-09-11 17:09:00,954] {getbyidupdateproducts.py:111} INFO - succesfully fetched product master data based on profit center id
[2019-09-11 17:11:18,449] {getbyidupdateproducts.py:111} INFO - succesfully fetched product master data based on profit center id
[2019-09-11 17:15:28,158] {getbyidupdateproducts.py:111} INFO - succesfully fetched product master data based on profit center id
[2019-09-11 17:17:25,609] {getbyidupdateproducts.py:111} INFO - succesfully fetched product master data based on profit center id
[2019-09-11 17:19:17,305] {getbyidupdateproducts.py:111} INFO - succesfully fetched product master data based on profit center id
[2019-09-11 17:23:46,069] {getbyidupdateproducts.py:111} INFO - succesfully fetched product master data based on profit center id
[2019-09-11 17:30:29,287] {getbyidupdateproducts.py:111} INFO - succesfully fetched product master data based on profit center id
[2019-09-11 17:32:20,484] {getbyidupdateproducts.py:111} INFO - succesfully fetched product master data based on profit center id
[2019-09-11 17:35:28,048] {getbyidupdateproducts.py:111} INFO - succesfully fetched product master data based on profit center id
[2019-09-11 17:43:09,262] {getbyidupdateproducts.py:111} INFO - succesfully fetched product master data based on profit center id
[2019-09-11 17:47:42,417] {getbyidupdateproducts.py:111} INFO - succesfully fetched product master data based on profit center id
[2019-09-11 18:00:33,894] {getbyidupdateproducts.py:111} INFO - succesfully fetched product master data based on profit center id
[2019-09-11 18:15:46,910] {getbyidupdateproducts.py:111} INFO - succesfully fetched product master data based on profit center id
[2019-09-11 18:19:52,627] {getbyidupdateproducts.py:111} INFO - succesfully fetched product master data based on profit center id
[2019-09-11 18:23:01,823] {getbyidupdateproducts.py:111} INFO - succesfully fetched product master data based on profit center id
[2019-09-11 18:39:06,675] {getpostproducts.py:35} INFO - No data is available on Products
[2019-09-11 18:39:25,027] {getpostproducts.py:56} INFO - successfully added data to products
[2019-09-11 18:39:26,612] {getpostproducts.py:32} INFO - succesfully fetched data of  all products
[2019-09-11 18:39:38,224] {getpostproducts.py:56} INFO - successfully added data to products
[2019-09-11 18:39:40,988] {getpostproducts.py:32} INFO - succesfully fetched data of  all products
[2019-09-11 18:39:52,355] {getpostproducts.py:56} INFO - successfully added data to products
[2019-09-11 18:39:56,386] {getpostproducts.py:32} INFO - succesfully fetched data of  all products
[2019-09-11 18:40:06,865] {getpostproducts.py:56} INFO - successfully added data to products
[2019-09-11 18:40:12,110] {getpostproducts.py:32} INFO - succesfully fetched data of  all products
[2019-09-11 18:40:32,353] {getpostproducts.py:56} INFO - successfully added data to products
[2019-09-11 18:40:37,751] {getpostproducts.py:32} INFO - succesfully fetched data of  all products
[2019-09-11 18:40:46,299] {getpostproducts.py:56} INFO - successfully added data to products
[2019-09-11 18:40:52,005] {getpostproducts.py:32} INFO - succesfully fetched data of  all products
[2019-09-11 18:41:01,516] {getpostproducts.py:56} INFO - successfully added data to products
[2019-09-11 18:41:07,415] {getpostproducts.py:32} INFO - succesfully fetched data of  all products
[2019-09-11 18:41:15,607] {getpostproducts.py:56} INFO - successfully added data to products
[2019-09-11 18:41:22,005] {getpostproducts.py:32} INFO - succesfully fetched data of  all products
[2019-09-11 18:48:55,235] {getbyidupdateproducts.py:111} INFO - succesfully fetched product master data based on profit center id
[2019-09-11 18:49:00,923] {getbyidupdateproducts.py:114} INFO - No data is found on this product master id
[2019-09-11 18:49:11,444] {getbyidupdateproducts.py:111} INFO - succesfully fetched product master data based on profit center id
[2019-09-11 19:10:34,080] {getbyidupdateproducts.py:111} INFO - succesfully fetched product master data based on profit center id
[2019-09-11 19:11:22,693] {getbyidupdateproducts.py:111} INFO - succesfully fetched product master data based on profit center id
[2019-09-11 19:12:40,123] {getbyidupdateproducts.py:111} INFO - succesfully fetched product master data based on profit center id
[2019-09-11 19:13:29,140] {getbyidupdateproducts.py:111} INFO - succesfully fetched product master data based on profit center id
[2019-09-11 19:20:03,601] {getbyidupdateproducts.py:111} INFO - succesfully fetched product master data based on profit center id
[2019-09-11 19:40:31,584] {getbyidupdateproducts.py:111} INFO - succesfully fetched product master data based on profit center id
[2019-09-11 19:47:20,491] {getbyidupdateproducts.py:111} INFO - succesfully fetched product master data based on profit center id
[2019-09-11 19:50:16,592] {getbyidupdateproducts.py:111} INFO - succesfully fetched product master data based on profit center id
[2019-09-11 19:53:58,484] {getbyidupdateproducts.py:111} INFO - succesfully fetched product master data based on profit center id
[2019-09-11 19:59:07,894] {getbyidupdateproducts.py:111} INFO - succesfully fetched product master data based on profit center id
[2019-09-11 20:00:07,986] {getbyidupdateproducts.py:111} INFO - succesfully fetched product master data based on profit center id
[2019-09-11 20:02:10,482] {getbyidupdateproducts.py:111} INFO - succesfully fetched product master data based on profit center id
[2019-09-11 20:03:06,965] {getbyidupdateproducts.py:111} INFO - succesfully fetched product master data based on profit center id
[2019-09-11 20:04:56,429] {getbyidupdateproducts.py:111} INFO - succesfully fetched product master data based on profit center id
[2019-09-11 20:13:41,056] {getbyidupdateproducts.py:111} INFO - succesfully fetched product master data based on profit center id
[2019-09-11 20:15:20,078] {getbyidupdateproducts.py:111} INFO - succesfully fetched product master data based on profit center id
[2019-09-11 20:22:44,110] {getbyidupdateproducts.py:111} INFO - succesfully fetched product master data based on profit center id
[2019-09-11 20:33:47,169] {getbyidupdateproducts.py:111} INFO - succesfully fetched product master data based on profit center id
[2019-09-12 08:26:05,811] {getbyidupdateproducts.py:111} INFO - succesfully fetched product master data based on profit center id
[2019-09-12 08:29:16,429] {getbyidupdateproducts.py:111} INFO - succesfully fetched product master data based on profit center id
[2019-09-12 09:15:34,238] {getbyidupdateproducts.py:111} INFO - succesfully fetched product master data based on profit center id
[2019-09-12 09:17:41,129] {getpostproducts.py:32} INFO - succesfully fetched data of  all products
[2019-09-17 19:09:01,785] {getpostproducts.py:32} INFO - succesfully fetched data of  all products
[2019-09-17 19:10:05,767] {getbyidupdateproducts.py:119} INFO - succesfully fetched product master data based on profit center id
[2019-09-18 10:09:11,259] {getpostproducts.py:32} INFO - succesfully fetched data of  all products
[2019-09-18 10:11:28,029] {getbyidupdateproducts.py:119} INFO - succesfully fetched product master data based on profit center id
[2019-09-18 11:49:48,986] {getbyidupdateproducts.py:119} INFO - succesfully fetched product master data based on profit center id
[2019-09-18 11:50:51,468] {getbyidupdateproducts.py:119} INFO - succesfully fetched product master data based on profit center id
[2019-09-18 11:51:15,411] {getbyidupdateproducts.py:119} INFO - succesfully fetched product master data based on profit center id
[2019-09-18 11:53:43,057] {getbyidupdateproducts.py:119} INFO - succesfully fetched product master data based on profit center id
[2019-09-18 11:56:52,282] {getbyidupdateproducts.py:119} INFO - succesfully fetched product master data based on profit center id
[2019-09-18 11:57:38,832] {getbyidupdateproducts.py:119} INFO - succesfully fetched product master data based on profit center id
[2019-09-18 12:03:25,748] {getbyidupdateproducts.py:119} INFO - succesfully fetched product master data based on profit center id
[2019-09-18 12:04:15,669] {getbyidupdateproducts.py:119} INFO - succesfully fetched product master data based on profit center id
[2019-09-18 12:06:03,933] {getbyidupdateproducts.py:119} INFO - succesfully fetched product master data based on profit center id
[2019-09-18 12:08:49,479] {getbyidupdateproducts.py:119} INFO - succesfully fetched product master data based on profit center id
[2019-09-18 12:10:27,417] {getbyidupdateproducts.py:119} INFO - succesfully fetched product master data based on profit center id
[2019-09-18 12:13:18,426] {getbyidupdateproducts.py:119} INFO - succesfully fetched product master data based on profit center id
[2019-09-18 12:13:44,332] {getbyidupdateproducts.py:119} INFO - succesfully fetched product master data based on profit center id
[2019-09-18 12:19:43,826] {getbyidupdateproducts.py:119} INFO - succesfully fetched product master data based on profit center id
[2019-09-18 13:05:20,108] {getbyidupdateproducts.py:119} INFO - succesfully fetched product master data based on profit center id
[2019-09-18 13:07:46,403] {getbyidupdateproducts.py:119} INFO - succesfully fetched product master data based on profit center id
[2019-09-18 13:12:48,580] {getbyidupdateproducts.py:119} INFO - succesfully fetched product master data based on profit center id
[2019-09-27 10:36:14,909] {getpostproducts.py:32} INFO - succesfully fetched data of  all products
[2019-09-27 10:36:29,167] {getpostproducts.py:32} INFO - succesfully fetched data of  all products
