[2019-09-09 18:15:58,009] {add_profit_center_master.py:36} INFO - getting  all data of profit center details is success
[2019-09-09 18:39:12,612] {add_profit_center_master.py:36} INFO - getting  all data of profit center details is success
[2019-09-09 18:46:45,237] {add_profit_center_master.py:36} INFO - getting  all data of profit center details is success
[2019-09-09 18:46:50,240] {add_profit_center_master.py:36} INFO - getting  all data of profit center details is success
[2019-09-09 19:05:24,590] {add_profit_center_master.py:36} INFO - getting  all data of profit center details is success
[2019-09-09 19:05:30,604] {add_profit_center_master.py:36} INFO - getting  all data of profit center details is success
[2019-09-09 19:05:33,686] {add_profit_center_master.py:36} INFO - getting  all data of profit center details is success
[2019-09-09 19:08:51,635] {add_profit_center_master.py:36} INFO - getting  all data of profit center details is success
[2019-09-10 08:31:38,845] {add_profit_center_master.py:36} INFO - getting  all data of profit center details is success
[2019-09-10 08:31:43,328] {add_profit_center_master.py:36} INFO - getting  all data of profit center details is success
[2019-09-10 08:31:44,979] {add_profit_center_master.py:36} INFO - getting  all data of profit center details is success
[2019-09-10 11:04:30,974] {add_profit_center_master.py:36} INFO - getting  all data of profit center details is success
[2019-09-10 11:04:50,023] {add_profit_center_master.py:36} INFO - getting  all data of profit center details is success
[2019-09-10 11:04:56,324] {add_profit_center_master.py:36} INFO - getting  all data of profit center details is success
[2019-09-10 11:05:30,340] {add_profit_center_master.py:36} INFO - getting  all data of profit center details is success
[2019-09-10 11:08:33,827] {add_profit_center_master.py:36} INFO - getting  all data of profit center details is success
[2019-09-10 11:08:48,498] {add_profit_center_master.py:36} INFO - getting  all data of profit center details is success
[2019-09-10 11:08:58,838] {add_profit_center_master.py:36} INFO - getting  all data of profit center details is success
[2019-09-10 11:09:00,787] {add_profit_center_master.py:36} INFO - getting  all data of profit center details is success
[2019-09-10 11:09:15,740] {add_profit_center_master.py:36} INFO - getting  all data of profit center details is success
[2019-09-10 11:13:17,191] {add_profit_center_master.py:36} INFO - getting  all data of profit center details is success
[2019-09-10 11:15:04,247] {add_profit_center_master.py:36} INFO - getting  all data of profit center details is success
[2019-09-10 11:15:54,254] {add_profit_center_master.py:36} INFO - getting  all data of profit center details is success
[2019-09-10 11:16:01,388] {add_profit_center_master.py:36} INFO - getting  all data of profit center details is success
[2019-09-10 11:16:20,048] {add_profit_center_master.py:36} INFO - getting  all data of profit center details is success
[2019-09-10 11:16:29,145] {add_profit_center_master.py:36} INFO - getting  all data of profit center details is success
[2019-09-10 11:16:39,705] {add_profit_center_master.py:36} INFO - getting  all data of profit center details is success
[2019-09-10 11:17:32,771] {add_profit_center_master.py:36} INFO - getting  all data of profit center details is success
[2019-09-10 11:17:42,982] {add_profit_center_master.py:36} INFO - getting  all data of profit center details is success
[2019-09-10 11:23:03,872] {add_profit_center_master.py:36} INFO - getting  all data of profit center details is success
[2019-09-10 11:23:19,606] {add_profit_center_master.py:36} INFO - getting  all data of profit center details is success
[2019-09-10 11:24:03,376] {add_profit_center_master.py:36} INFO - getting  all data of profit center details is success
[2019-09-10 11:24:14,023] {add_profit_center_master.py:36} INFO - getting  all data of profit center details is success
[2019-09-10 11:24:48,769] {add_profit_center_master.py:36} INFO - getting  all data of profit center details is success
[2019-09-10 11:25:48,015] {add_profit_center_master.py:36} INFO - getting  all data of profit center details is success
[2019-09-10 11:26:11,004] {add_profit_center_master.py:36} INFO - getting  all data of profit center details is success
[2019-09-10 11:27:29,101] {add_profit_center_master.py:36} INFO - getting  all data of profit center details is success
[2019-09-10 11:27:49,400] {add_profit_center_master.py:36} INFO - getting  all data of profit center details is success
[2019-09-10 11:28:42,586] {add_profit_center_master.py:36} INFO - getting  all data of profit center details is success
[2019-09-10 11:29:05,693] {add_profit_center_master.py:36} INFO - getting  all data of profit center details is success
[2019-09-10 11:29:27,246] {add_profit_center_master.py:36} INFO - getting  all data of profit center details is success
[2019-09-10 11:29:35,124] {add_profit_center_master.py:36} INFO - getting  all data of profit center details is success
[2019-09-10 11:53:09,756] {add_profit_center_master.py:36} INFO - getting  all data of profit center details is success
[2019-09-10 12:39:55,820] {add_profit_center_master.py:36} INFO - getting  all data of profit center details is success
[2019-09-10 12:44:34,194] {add_profit_center_master.py:36} INFO - getting  all data of profit center details is success
[2019-09-10 12:47:00,047] {add_profit_center_master.py:36} INFO - getting  all data of profit center details is success
[2019-09-10 12:47:11,118] {add_profit_center_master.py:36} INFO - getting  all data of profit center details is success
[2019-09-10 12:47:56,782] {add_profit_center_master.py:36} INFO - getting  all data of profit center details is success
[2019-09-10 12:48:23,722] {add_profit_center_master.py:36} INFO - getting  all data of profit center details is success
[2019-09-10 12:48:45,764] {add_profit_center_master.py:36} INFO - getting  all data of profit center details is success
[2019-09-10 12:51:21,474] {add_profit_center_master.py:36} INFO - getting  all data of profit center details is success
[2019-09-10 12:54:13,979] {add_profit_center_master.py:36} INFO - getting  all data of profit center details is success
[2019-09-10 12:59:03,382] {add_profit_center_master.py:36} INFO - getting  all data of profit center details is success
[2019-09-10 13:04:09,818] {add_profit_center_master.py:36} INFO - getting  all data of profit center details is success
[2019-09-10 13:04:16,435] {add_profit_center_master.py:36} INFO - getting  all data of profit center details is success
[2019-09-10 14:04:35,512] {add_profit_center_master.py:36} INFO - getting  all data of profit center details is success
[2019-09-10 15:24:41,112] {add_profit_center_master.py:36} INFO - getting  all data of profit center details is success
[2019-09-10 15:34:31,750] {add_profit_center_master.py:36} INFO - getting  all data of profit center details is success
[2019-09-10 15:35:18,579] {add_profit_center_master.py:36} INFO - getting  all data of profit center details is success
[2019-09-10 15:42:03,197] {add_profit_center_master.py:36} INFO - getting  all data of profit center details is success
[2019-09-10 15:51:05,946] {add_profit_center_master.py:36} INFO - getting  all data of profit center details is success
[2019-09-10 15:52:05,391] {add_profit_center_master.py:36} INFO - getting  all data of profit center details is success
[2019-09-10 15:53:39,538] {add_profit_center_master.py:36} INFO - getting  all data of profit center details is success
[2019-09-10 15:54:31,859] {add_profit_center_master.py:36} INFO - getting  all data of profit center details is success
[2019-09-10 15:54:53,633] {add_profit_center_master.py:36} INFO - getting  all data of profit center details is success
[2019-09-10 17:04:44,032] {add_profit_center_master.py:36} INFO - getting  all data of profit center details is success
[2019-09-10 17:07:51,620] {add_profit_center_master.py:36} INFO - getting  all data of profit center details is success
[2019-09-10 17:08:01,831] {add_profit_center_master.py:36} INFO - getting  all data of profit center details is success
[2019-09-10 17:08:05,334] {add_profit_center_master.py:36} INFO - getting  all data of profit center details is success
[2019-09-10 17:14:11,973] {add_profit_center_master.py:36} INFO - getting  all data of profit center details is success
[2019-09-10 17:14:41,347] {add_profit_center_master.py:36} INFO - getting  all data of profit center details is success
[2019-09-10 17:17:39,160] {add_profit_center_master.py:36} INFO - getting  all data of profit center details is success
[2019-09-11 09:23:16,048] {add_profit_center_master.py:36} INFO - getting  all data of profit center details is success
[2019-09-11 09:32:51,838] {add_profit_center_master.py:36} INFO - getting  all data of profit center details is success
[2019-09-11 09:33:17,569] {add_profit_center_master.py:36} INFO - getting  all data of profit center details is success
[2019-09-11 09:35:25,486] {add_profit_center_master.py:36} INFO - getting  all data of profit center details is success
[2019-09-11 09:35:38,230] {add_profit_center_master.py:36} INFO - getting  all data of profit center details is success
[2019-09-11 09:38:35,153] {add_profit_center_master.py:36} INFO - getting  all data of profit center details is success
[2019-09-11 09:40:16,985] {add_profit_center_master.py:36} INFO - getting  all data of profit center details is success
[2019-09-11 09:42:43,531] {add_profit_center_master.py:36} INFO - getting  all data of profit center details is success
[2019-09-11 10:16:53,389] {add_profit_center_master.py:36} INFO - getting  all data of profit center details is success
[2019-09-11 10:21:57,458] {add_profit_center_master.py:36} INFO - getting  all data of profit center details is success
[2019-09-11 10:22:19,821] {add_profit_center_master.py:36} INFO - getting  all data of profit center details is success
[2019-09-11 10:23:19,844] {add_profit_center_master.py:36} INFO - getting  all data of profit center details is success
[2019-09-11 10:23:25,729] {add_profit_center_master.py:36} INFO - getting  all data of profit center details is success
[2019-09-11 15:07:53,184] {add_profit_center_master.py:135} INFO - getting data of Profit Center Master  details on id is success
[2019-09-11 15:08:39,119] {add_profit_center_master.py:135} INFO - getting data of Profit Center Master  details on id is success
[2019-09-11 15:12:34,929] {add_profit_center_master.py:138} INFO - no data is available on Profit Center Master id
[2019-09-11 15:12:38,892] {add_profit_center_master.py:135} INFO - getting data of Profit Center Master  details on id is success
[2019-09-11 15:13:12,129] {add_profit_center_master.py:135} INFO - getting data of Profit Center Master  details on id is success
[2019-09-11 15:20:59,178] {add_profit_center_master.py:135} INFO - getting data of Profit Center Master  details on id is success
[2019-09-11 15:21:22,395] {add_profit_center_master.py:138} INFO - no data is available on Profit Center Master id
[2019-09-11 15:21:36,175] {add_profit_center_master.py:135} INFO - getting data of Profit Center Master  details on id is success
[2019-09-11 15:41:11,028] {add_profit_center_master.py:135} INFO - getting data of Profit Center Master  details on id is success
[2019-09-11 15:47:10,238] {add_profit_center_master.py:135} INFO - getting data of Profit Center Master  details on id is success
[2019-09-11 15:48:41,130] {add_profit_center_master.py:135} INFO - getting data of Profit Center Master  details on id is success
[2019-09-11 15:50:25,843] {add_profit_center_master.py:135} INFO - getting data of Profit Center Master  details on id is success
[2019-09-11 16:00:18,548] {add_profit_center_master.py:135} INFO - getting data of Profit Center Master  details on id is success
[2019-09-11 16:03:19,311] {add_profit_center_master.py:135} INFO - getting data of Profit Center Master  details on id is success
[2019-09-11 16:07:08,290] {add_profit_center_master.py:135} INFO - getting data of Profit Center Master  details on id is success
[2019-09-11 16:21:51,812] {add_profit_center_master.py:135} INFO - getting data of Profit Center Master  details on id is success
[2019-09-11 16:21:54,149] {add_profit_center_master.py:135} INFO - getting data of Profit Center Master  details on id is success
[2019-09-11 16:48:03,621] {add_profit_center_master.py:135} INFO - getting data of Profit Center Master  details on id is success
[2019-09-11 16:49:48,646] {add_profit_center_master.py:135} INFO - getting data of Profit Center Master  details on id is success
[2019-09-11 16:51:06,897] {add_profit_center_master.py:135} INFO - getting data of Profit Center Master  details on id is success
[2019-09-11 16:52:29,686] {add_profit_center_master.py:135} INFO - getting data of Profit Center Master  details on id is success
[2019-09-11 17:00:54,356] {add_profit_center_master.py:135} INFO - getting data of Profit Center Master  details on id is success
[2019-09-11 17:04:58,462] {add_profit_center_master.py:135} INFO - getting data of Profit Center Master  details on id is success
[2019-09-11 17:08:57,221] {add_profit_center_master.py:135} INFO - getting data of Profit Center Master  details on id is success
[2019-09-11 17:11:14,809] {add_profit_center_master.py:135} INFO - getting data of Profit Center Master  details on id is success
[2019-09-11 17:15:24,116] {add_profit_center_master.py:135} INFO - getting data of Profit Center Master  details on id is success
[2019-09-11 17:17:22,149] {add_profit_center_master.py:135} INFO - getting data of Profit Center Master  details on id is success
[2019-09-11 17:19:13,117] {add_profit_center_master.py:135} INFO - getting data of Profit Center Master  details on id is success
[2019-09-11 17:23:42,751] {add_profit_center_master.py:135} INFO - getting data of Profit Center Master  details on id is success
[2019-09-11 17:30:24,181] {add_profit_center_master.py:135} INFO - getting data of Profit Center Master  details on id is success
[2019-09-11 17:32:16,894] {add_profit_center_master.py:135} INFO - getting data of Profit Center Master  details on id is success
[2019-09-11 17:35:24,631] {add_profit_center_master.py:135} INFO - getting data of Profit Center Master  details on id is success
[2019-09-11 17:43:05,768] {add_profit_center_master.py:135} INFO - getting data of Profit Center Master  details on id is success
[2019-09-11 17:47:38,784] {add_profit_center_master.py:135} INFO - getting data of Profit Center Master  details on id is success
[2019-09-11 18:00:30,431] {add_profit_center_master.py:135} INFO - getting data of Profit Center Master  details on id is success
[2019-09-11 18:15:43,375] {add_profit_center_master.py:135} INFO - getting data of Profit Center Master  details on id is success
[2019-09-11 18:18:34,003] {add_profit_center_master.py:138} INFO - no data is available on Profit Center Master id
[2019-09-11 18:19:36,012] {add_profit_center_master.py:135} INFO - getting data of Profit Center Master  details on id is success
[2019-09-11 18:19:48,733] {add_profit_center_master.py:135} INFO - getting data of Profit Center Master  details on id is success
[2019-09-11 18:22:58,344] {add_profit_center_master.py:135} INFO - getting data of Profit Center Master  details on id is success
[2019-09-11 18:35:38,984] {add_profit_center_master.py:39} INFO - no data is available on profit Center Master
[2019-09-11 18:36:58,438] {add_profit_center_master.py:39} INFO - no data is available on profit Center Master
[2019-09-11 18:37:43,815] {add_profit_center_master.py:39} INFO - no data is available on profit Center Master
[2019-09-11 18:38:05,075] {add_profit_center_master.py:64} INFO - Profit Center Master Details posted succesfully
[2019-09-11 18:38:06,068] {add_profit_center_master.py:36} INFO - getting  all data of profit center details is success
[2019-09-11 18:38:15,340] {add_profit_center_master.py:64} INFO - Profit Center Master Details posted succesfully
[2019-09-11 18:38:16,933] {add_profit_center_master.py:36} INFO - getting  all data of profit center details is success
[2019-09-11 18:38:26,223] {add_profit_center_master.py:64} INFO - Profit Center Master Details posted succesfully
[2019-09-11 18:38:28,416] {add_profit_center_master.py:36} INFO - getting  all data of profit center details is success
[2019-09-11 18:38:35,835] {add_profit_center_master.py:64} INFO - Profit Center Master Details posted succesfully
[2019-09-11 18:38:38,653] {add_profit_center_master.py:36} INFO - getting  all data of profit center details is success
[2019-09-11 18:38:47,095] {add_profit_center_master.py:64} INFO - Profit Center Master Details posted succesfully
[2019-09-11 18:38:50,030] {add_profit_center_master.py:36} INFO - getting  all data of profit center details is success
[2019-09-11 18:38:59,994] {add_profit_center_master.py:64} INFO - Profit Center Master Details posted succesfully
[2019-09-11 18:39:02,976] {add_profit_center_master.py:36} INFO - getting  all data of profit center details is success
[2019-09-11 18:39:11,870] {add_profit_center_master.py:36} INFO - getting  all data of profit center details is success
[2019-09-11 18:39:29,854] {add_profit_center_master.py:36} INFO - getting  all data of profit center details is success
[2019-09-11 18:39:43,498] {add_profit_center_master.py:36} INFO - getting  all data of profit center details is success
[2019-09-11 18:39:56,484] {add_profit_center_master.py:36} INFO - getting  all data of profit center details is success
[2019-09-11 18:40:19,649] {add_profit_center_master.py:36} INFO - getting  all data of profit center details is success
[2019-09-11 18:40:37,063] {add_profit_center_master.py:36} INFO - getting  all data of profit center details is success
[2019-09-11 18:40:50,289] {add_profit_center_master.py:36} INFO - getting  all data of profit center details is success
[2019-09-11 18:41:05,266] {add_profit_center_master.py:36} INFO - getting  all data of profit center details is success
[2019-09-11 18:48:52,194] {add_profit_center_master.py:135} INFO - getting data of Profit Center Master  details on id is success
[2019-09-11 18:49:08,020] {add_profit_center_master.py:135} INFO - getting data of Profit Center Master  details on id is success
[2019-09-11 19:10:31,164] {add_profit_center_master.py:135} INFO - getting data of Profit Center Master  details on id is success
[2019-09-11 19:11:19,925] {add_profit_center_master.py:135} INFO - getting data of Profit Center Master  details on id is success
[2019-09-11 19:12:36,378] {add_profit_center_master.py:135} INFO - getting data of Profit Center Master  details on id is success
[2019-09-11 19:13:26,178] {add_profit_center_master.py:135} INFO - getting data of Profit Center Master  details on id is success
[2019-09-11 19:20:00,678] {add_profit_center_master.py:135} INFO - getting data of Profit Center Master  details on id is success
[2019-09-11 19:40:28,043] {add_profit_center_master.py:135} INFO - getting data of Profit Center Master  details on id is success
[2019-09-11 19:47:16,631] {add_profit_center_master.py:135} INFO - getting data of Profit Center Master  details on id is success
[2019-09-11 19:50:13,478] {add_profit_center_master.py:135} INFO - getting data of Profit Center Master  details on id is success
[2019-09-11 19:53:55,309] {add_profit_center_master.py:135} INFO - getting data of Profit Center Master  details on id is success
[2019-09-11 19:59:04,907] {add_profit_center_master.py:135} INFO - getting data of Profit Center Master  details on id is success
[2019-09-11 20:00:05,013] {add_profit_center_master.py:135} INFO - getting data of Profit Center Master  details on id is success
[2019-09-11 20:02:07,333] {add_profit_center_master.py:135} INFO - getting data of Profit Center Master  details on id is success
[2019-09-11 20:03:04,056] {add_profit_center_master.py:135} INFO - getting data of Profit Center Master  details on id is success
[2019-09-11 20:04:53,503] {add_profit_center_master.py:135} INFO - getting data of Profit Center Master  details on id is success
[2019-09-11 20:13:37,232] {add_profit_center_master.py:135} INFO - getting data of Profit Center Master  details on id is success
[2019-09-11 20:15:16,724] {add_profit_center_master.py:135} INFO - getting data of Profit Center Master  details on id is success
[2019-09-11 20:22:41,596] {add_profit_center_master.py:135} INFO - getting data of Profit Center Master  details on id is success
[2019-09-11 20:33:27,673] {add_profit_center_master.py:36} INFO - getting  all data of profit center details is success
[2019-09-11 20:33:40,379] {add_profit_center_master.py:135} INFO - getting data of Profit Center Master  details on id is success
[2019-09-12 08:26:03,434] {add_profit_center_master.py:135} INFO - getting data of Profit Center Master  details on id is success
[2019-09-12 08:29:12,327] {add_profit_center_master.py:135} INFO - getting data of Profit Center Master  details on id is success
[2019-09-12 09:15:31,000] {add_profit_center_master.py:135} INFO - getting data of Profit Center Master  details on id is success
[2019-09-12 09:17:35,763] {add_profit_center_master.py:36} INFO - getting  all data of profit center details is success
[2019-09-12 09:24:06,783] {add_profit_center_master.py:135} INFO - getting data of Profit Center Master  details on id is success
[2019-09-17 16:22:05,511] {add_profit_center_master.py:36} INFO - getting  all data of profit center details is success
[2019-09-17 16:24:12,393] {add_profit_center_master.py:36} INFO - getting  all data of profit center details is success
[2019-09-17 19:10:01,082] {add_profit_center_master.py:135} INFO - getting data of Profit Center Master  details on id is success
[2019-09-18 10:11:25,014] {add_profit_center_master.py:135} INFO - getting data of Profit Center Master  details on id is success
[2019-09-18 11:46:19,794] {add_profit_center_master.py:135} INFO - getting data of Profit Center Master  details on id is success
[2019-09-18 11:49:45,414] {add_profit_center_master.py:135} INFO - getting data of Profit Center Master  details on id is success
[2019-09-18 11:50:48,065] {add_profit_center_master.py:135} INFO - getting data of Profit Center Master  details on id is success
[2019-09-18 11:51:12,115] {add_profit_center_master.py:135} INFO - getting data of Profit Center Master  details on id is success
[2019-09-18 11:53:38,701] {add_profit_center_master.py:135} INFO - getting data of Profit Center Master  details on id is success
[2019-09-18 11:56:49,059] {add_profit_center_master.py:135} INFO - getting data of Profit Center Master  details on id is success
[2019-09-18 11:57:35,151] {add_profit_center_master.py:135} INFO - getting data of Profit Center Master  details on id is success
[2019-09-18 12:03:21,516] {add_profit_center_master.py:135} INFO - getting data of Profit Center Master  details on id is success
[2019-09-18 12:04:12,449] {add_profit_center_master.py:135} INFO - getting data of Profit Center Master  details on id is success
[2019-09-18 12:06:00,390] {add_profit_center_master.py:135} INFO - getting data of Profit Center Master  details on id is success
[2019-09-18 12:08:46,276] {add_profit_center_master.py:135} INFO - getting data of Profit Center Master  details on id is success
[2019-09-18 12:10:24,043] {add_profit_center_master.py:135} INFO - getting data of Profit Center Master  details on id is success
[2019-09-18 12:13:14,698] {add_profit_center_master.py:135} INFO - getting data of Profit Center Master  details on id is success
[2019-09-18 12:13:39,603] {add_profit_center_master.py:135} INFO - getting data of Profit Center Master  details on id is success
[2019-09-18 12:19:38,231] {add_profit_center_master.py:135} INFO - getting data of Profit Center Master  details on id is success
[2019-09-18 13:05:16,942] {add_profit_center_master.py:135} INFO - getting data of Profit Center Master  details on id is success
[2019-09-18 13:07:41,603] {add_profit_center_master.py:135} INFO - getting data of Profit Center Master  details on id is success
[2019-09-18 13:12:43,806] {add_profit_center_master.py:135} INFO - getting data of Profit Center Master  details on id is success
